[
  {
    "line": 4,
    "elements": [
      {
        "line": 10,
        "name": "drive",
        "description": "",
        "type": "background",
        "keyword": "Background",
        "steps": []
      },
      {
        "line": 25,
        "name": "crear_documento",
        "description": "",
        "id": "crear-documento-drive;crear-documento;;2",
        "type": "scenario",
        "keyword": "Scenario Outline",
        "steps": [
          {
            "result": {
              "duration": 8521649800,
              "status": "passed"
            },
            "line": 16,
            "name": "Que se quiere crear un documento",
            "match": {
              "location": "StepDefGmail.que_se_quiere_crear_un_documento()"
            },
            "keyword": "Given "
          },
          {
            "result": {
              "error_message": "net.thucydides.core.webdriver.exceptions.ElementShouldBeEnabledException: Expected enabled element was not enabled\r\n\tat net.serenitybdd.core.pages.WebElementFacadeImpl.waitUntilEnabled(WebElementFacadeImpl.java:963)\r\n\tat net.serenitybdd.core.pages.WebElementFacadeImpl.waitUntilElementAvailable(WebElementFacadeImpl.java:802)\r\n\tat net.serenitybdd.core.pages.WebElementFacadeImpl.click(WebElementFacadeImpl.java:1039)\r\n\tat sun.reflect.NativeMethodAccessorImpl.invoke0(Native Method)\r\n\tat sun.reflect.NativeMethodAccessorImpl.invoke(NativeMethodAccessorImpl.java:62)\r\n\tat sun.reflect.DelegatingMethodAccessorImpl.invoke(DelegatingMethodAccessorImpl.java:43)\r\n\tat java.lang.reflect.Method.invoke(Method.java:498)\r\n\tat net.thucydides.core.annotations.locators.AbstractSingleItemHandler.invoke(AbstractSingleItemHandler.java:45)\r\n\tat com.sun.proxy.$Proxy23.click(Unknown Source)\r\n\tat com.accenture.gmail.pages.Inicio.InicioGmail(Inicio.java:18)\r\n\tat com.accenture.gmail.stepss.StepsGmail.BusquedaG(StepsGmail.java:25)\r\n\tat com.accenture.gmail.stepss.StepsGmail$$EnhancerByCGLIB$$888b56a8.CGLIB$BusquedaG$2(\u003cgenerated\u003e)\r\n\tat com.accenture.gmail.stepss.StepsGmail$$EnhancerByCGLIB$$888b56a8$$FastClassByCGLIB$$a4ad7afc.invoke(\u003cgenerated\u003e)\r\n\tat net.sf.cglib.proxy.MethodProxy.invokeSuper(MethodProxy.java:228)\r\n\tat net.thucydides.core.steps.StepInterceptor.invokeMethod(StepInterceptor.java:449)\r\n\tat net.thucydides.core.steps.StepInterceptor.executeTestStepMethod(StepInterceptor.java:434)\r\n\tat net.thucydides.core.steps.StepInterceptor.runTestStep(StepInterceptor.java:409)\r\n\tat net.thucydides.core.steps.StepInterceptor.runOrSkipMethod(StepInterceptor.java:150)\r\n\tat net.thucydides.core.steps.StepInterceptor.testStepResult(StepInterceptor.java:137)\r\n\tat net.thucydides.core.steps.StepInterceptor.intercept(StepInterceptor.java:68)\r\n\tat com.accenture.gmail.stepss.StepsGmail$$EnhancerByCGLIB$$888b56a8.BusquedaG(\u003cgenerated\u003e)\r\n\tat com.accenture.gmail.steps.definitions.StepDefGmail.se_visualiza_el_buscador_al_iniciar(StepDefGmail.java:23)\r\n\tat ✽.Se visualiza el buscador al iniciar(src/test/resources/feature/Gmail.feature:17)\r\nCaused by: org.openqa.selenium.TimeoutException: Expected condition failed: waiting for Inicio.btnDrive to be enabled (tried for 5 second(s) with 100 milliseconds interval)\r\n\tat org.openqa.selenium.support.ui.FluentWait.timeoutException(FluentWait.java:315)\r\n\tat org.openqa.selenium.support.ui.FluentWait.until(FluentWait.java:283)\r\n\tat net.serenitybdd.core.pages.WebElementFacadeImpl.waitUntilEnabled(WebElementFacadeImpl.java:960)\r\n\tat net.serenitybdd.core.pages.WebElementFacadeImpl.waitUntilElementAvailable(WebElementFacadeImpl.java:802)\r\n\tat net.serenitybdd.core.pages.WebElementFacadeImpl.click(WebElementFacadeImpl.java:1039)\r\n\tat sun.reflect.NativeMethodAccessorImpl.invoke0(Native Method)\r\n\tat sun.reflect.NativeMethodAccessorImpl.invoke(NativeMethodAccessorImpl.java:62)\r\n\tat sun.reflect.DelegatingMethodAccessorImpl.invoke(DelegatingMethodAccessorImpl.java:43)\r\n\tat java.lang.reflect.Method.invoke(Method.java:498)\r\n\tat net.thucydides.core.annotations.locators.AbstractSingleItemHandler.invoke(AbstractSingleItemHandler.java:45)\r\n\tat com.sun.proxy.$Proxy23.click(Unknown Source)\r\n\tat com.accenture.gmail.pages.Inicio.InicioGmail(Inicio.java:18)\r\n\tat com.accenture.gmail.stepss.StepsGmail.BusquedaG(StepsGmail.java:25)\r\n\tat com.accenture.gmail.stepss.StepsGmail$$EnhancerByCGLIB$$888b56a8.CGLIB$BusquedaG$2(\u003cgenerated\u003e)\r\n\tat com.accenture.gmail.stepss.StepsGmail$$EnhancerByCGLIB$$888b56a8$$FastClassByCGLIB$$a4ad7afc.invoke(\u003cgenerated\u003e)\r\n\tat net.sf.cglib.proxy.MethodProxy.invokeSuper(MethodProxy.java:228)\r\n\tat net.thucydides.core.steps.StepInterceptor.invokeMethod(StepInterceptor.java:449)\r\n\tat net.thucydides.core.steps.StepInterceptor.executeTestStepMethod(StepInterceptor.java:434)\r\n\tat net.thucydides.core.steps.StepInterceptor.runTestStep(StepInterceptor.java:409)\r\n\tat net.thucydides.core.steps.StepInterceptor.runOrSkipMethod(StepInterceptor.java:150)\r\n\tat net.thucydides.core.steps.StepInterceptor.testStepResult(StepInterceptor.java:137)\r\n\tat net.thucydides.core.steps.StepInterceptor.intercept(StepInterceptor.java:68)\r\n\tat com.accenture.gmail.stepss.StepsGmail$$EnhancerByCGLIB$$888b56a8.BusquedaG(\u003cgenerated\u003e)\r\n\tat com.accenture.gmail.steps.definitions.StepDefGmail.se_visualiza_el_buscador_al_iniciar(StepDefGmail.java:23)\r\n\tat sun.reflect.NativeMethodAccessorImpl.invoke0(Native Method)\r\n\tat sun.reflect.NativeMethodAccessorImpl.invoke(NativeMethodAccessorImpl.java:62)\r\n\tat sun.reflect.DelegatingMethodAccessorImpl.invoke(DelegatingMethodAccessorImpl.java:43)\r\n\tat java.lang.reflect.Method.invoke(Method.java:498)\r\n\tat cucumber.runtime.Utils$1.call(Utils.java:31)\r\n\tat cucumber.runtime.Timeout.timeout(Timeout.java:16)\r\n\tat cucumber.runtime.Utils.invoke(Utils.java:25)\r\n\tat cucumber.runtime.java.JavaStepDefinition.execute(JavaStepDefinition.java:37)\r\n\tat cucumber.runtime.StepDefinitionMatch.runStep(StepDefinitionMatch.java:40)\r\n\tat cucumber.api.TestStep.executeStep(TestStep.java:102)\r\n\tat cucumber.api.TestStep.run(TestStep.java:83)\r\n\tat cucumber.api.TestCase.run(TestCase.java:58)\r\n\tat cucumber.runner.Runner.runPickle(Runner.java:80)\r\n\tat cucumber.runtime.junit.PickleRunners$NoStepDescriptions.run(PickleRunners.java:140)\r\n\tat cucumber.runtime.junit.FeatureRunner.runChild(FeatureRunner.java:68)\r\n\tat cucumber.runtime.junit.FeatureRunner.runChild(FeatureRunner.java:23)\r\n\tat org.junit.runners.ParentRunner$3.run(ParentRunner.java:290)\r\n\tat org.junit.runners.ParentRunner$1.schedule(ParentRunner.java:71)\r\n\tat org.junit.runners.ParentRunner.runChildren(ParentRunner.java:288)\r\n\tat org.junit.runners.ParentRunner.access$000(ParentRunner.java:58)\r\n\tat org.junit.runners.ParentRunner$2.evaluate(ParentRunner.java:268)\r\n\tat org.junit.runners.ParentRunner.run(ParentRunner.java:363)\r\n\tat cucumber.runtime.junit.FeatureRunner.run(FeatureRunner.java:73)\r\n\tat cucumber.api.junit.Cucumber.runChild(Cucumber.java:118)\r\n\tat cucumber.api.junit.Cucumber.runChild(Cucumber.java:56)\r\n\tat org.junit.runners.ParentRunner$3.run(ParentRunner.java:290)\r\n\tat org.junit.runners.ParentRunner$1.schedule(ParentRunner.java:71)\r\n\tat org.junit.runners.ParentRunner.runChildren(ParentRunner.java:288)\r\n\tat org.junit.runners.ParentRunner.access$000(ParentRunner.java:58)\r\n\tat org.junit.runners.ParentRunner$2.evaluate(ParentRunner.java:268)\r\n\tat cucumber.api.junit.Cucumber$1.evaluate(Cucumber.java:127)\r\n\tat org.junit.runners.ParentRunner.run(ParentRunner.java:363)\r\n\tat org.eclipse.jdt.internal.junit4.runner.JUnit4TestReference.run(JUnit4TestReference.java:86)\r\n\tat org.eclipse.jdt.internal.junit.runner.TestExecution.run(TestExecution.java:38)\r\n\tat org.eclipse.jdt.internal.junit.runner.RemoteTestRunner.runTests(RemoteTestRunner.java:538)\r\n\tat org.eclipse.jdt.internal.junit.runner.RemoteTestRunner.runTests(RemoteTestRunner.java:760)\r\n\tat org.eclipse.jdt.internal.junit.runner.RemoteTestRunner.run(RemoteTestRunner.java:460)\r\n\tat org.eclipse.jdt.internal.junit.runner.RemoteTestRunner.main(RemoteTestRunner.java:206)\r\nCaused by: org.openqa.selenium.NoSuchElementException: Timed out after 2 seconds. Element not found\nFor documentation on this error, please visit: http://seleniumhq.org/exceptions/no_such_element.html\nBuild info: version: \u00273.14.0\u0027, revision: \u0027aacccce0\u0027, time: \u00272018-08-02T20:19:58.91Z\u0027\nSystem info: host: \u0027CPX-NK0KLK7Q6XR\u0027, ip: \u0027172.23.164.96\u0027, os.name: \u0027Windows 10\u0027, os.arch: \u0027amd64\u0027, os.version: \u002710.0\u0027, java.version: \u00271.8.0_211\u0027\nDriver info: driver.version: unknown\r\n\tat net.thucydides.core.annotations.locators.SmartAjaxElementLocator.ajaxFindElement(SmartAjaxElementLocator.java:173)\r\n\tat net.thucydides.core.annotations.locators.SmartAjaxElementLocator.findElement(SmartAjaxElementLocator.java:125)\r\n\tat net.serenitybdd.core.pages.WebElementResolverByElementLocator.resolveForDriver(WebElementResolverByElementLocator.java:27)\r\n\tat net.serenitybdd.core.pages.WebElementFacadeImpl.getElement(WebElementFacadeImpl.java:208)\r\n\tat net.serenitybdd.core.pages.WebElementExpectations$3.apply(WebElementExpectations.java:63)\r\n\tat net.serenitybdd.core.pages.WebElementExpectations$3.apply(WebElementExpectations.java:55)\r\n\tat org.openqa.selenium.support.ui.FluentWait.until(FluentWait.java:260)\r\n\t... 60 more\r\n",
              "duration": 11893267400,
              "status": "failed"
            },
            "line": 17,
            "name": "Se visualiza el buscador al iniciar",
            "match": {
              "location": "StepDefGmail.se_visualiza_el_buscador_al_iniciar()"
            },
            "keyword": "When "
          },
          {
            "result": {
              "status": "skipped"
            },
            "line": 18,
            "name": "Se visualiza Google drive",
            "match": {
              "location": "StepDefGmail.se_visualiza_google_drive()"
            },
            "keyword": "And "
          },
          {
            "result": {
              "status": "skipped"
            },
            "line": 19,
            "name": "Se visualiza la pantalla de inicio sesion automatizacion.accenture@gmail.com y automatizacion12",
            "match": {
              "arguments": [
                {
                  "val": "automatizacion.accenture@gmail.com",
                  "offset": 42
                },
                {
                  "val": "automatizacion12",
                  "offset": 79
                }
              ],
              "location": "StepDefGmail.se_visualiza_la_pantalla_de_inicio_sesion_y(String,String)"
            },
            "keyword": "And "
          },
          {
            "result": {
              "status": "skipped"
            },
            "line": 20,
            "name": "Se visualiza la pantalla drive Documentos de Google",
            "match": {
              "arguments": [
                {
                  "val": "Documentos de Google",
                  "offset": 31
                }
              ],
              "location": "StepDefGmail.se_visualiza_la_pantalla_drive(String)"
            },
            "keyword": "Then "
          }
        ],
        "tags": [
          {
            "name": "@Feature1"
          },
          {
            "name": "@tag1"
          }
        ]
      }
    ],
    "name": "crear_documento_drive",
    "description": "COMO usuario automatizacion.accenture@gmail.com\nQUIERO enviar crear un documento drive\nPARA exponer una introducci�n a la automatizaci�n de pruebas con Cucumber, y en lenguaje Gherkin.",
    "id": "crear-documento-drive",
    "keyword": "Feature",
    "uri": "src/test/resources/feature/Gmail.feature",
    "tags": [
      {
        "name": "@Feature1",
        "type": "Tag",
        "location": {
          "line": 3,
          "column": 1
        }
      }
    ]
  }
]