<?xml version="1.0" encoding="UTF-8"?><testsuite errors="0" failures="1" name="crear_documento_drive" skipped="0" tests="1" time="20.75" timestamp="2019-07-10 11:09:02"><testcase name="Crear documento"><failure message="Expected enabled element was not enabled&#10;Build info: version: '3.14.0', revision: 'aacccce0', time: '2018-08-02T20:19:58.91Z'&#10;System info: host: 'CPX-NK0KLK7Q6XR', ip: '172.23.164.96', os.name: 'Windows 10', os.arch: 'amd64', os.version: '10.0', java.version: '1.8.0_211'&#10;Driver info: driver.version: unknown" type="net.thucydides.core.webdriver.exceptions.ElementShouldBeEnabledException">Expected enabled element was not enabled
Build info: version: '3.14.0', revision: 'aacccce0', time: '2018-08-02T20:19:58.91Z'
System info: host: 'CPX-NK0KLK7Q6XR', ip: '172.23.164.96', os.name: 'Windows 10', os.arch: 'amd64', os.version: '10.0', java.version: '1.8.0_211'
Driver info: driver.version: unknown</failure><system-err>Expected enabled element was not enabled
Build info: version: '3.14.0', revision: 'aacccce0', time: '2018-08-02T20:19:58.91Z'
System info: host: 'CPX-NK0KLK7Q6XR', ip: '172.23.164.96', os.name: 'Windows 10', os.arch: 'amd64', os.version: '10.0', java.version: '1.8.0_211'
Driver info: driver.version: unknown&#13;
com.accenture.gmail.pages.Inicio.InicioGmail(Inicio.java:18)&#13;
com.accenture.gmail.stepss.StepsGmail.BusquedaG(StepsGmail.java:25)&#13;
com.accenture.gmail.steps.definitions.StepDefGmail.se_visualiza_el_buscador_al_iniciar(StepDefGmail.java:23)&#13;
✽.Se visualiza el buscador al iniciar(src/test/resources/feature/Gmail.feature:17)&#13;
</system-err></testcase></testsuite>